<?xml version="1.0" encoding="UTF-8"?>
<!-- Generated by org.testng.reporters.JUnitReportReporter -->
<testsuite hostname="Ravisankar" failures="0" tests="1" name="excutablefiles.Excutable" time="10.640" errors="0" timestamp="2025-01-31T16:43:15 IST" skipped="0">
  <testcase classname="excutablefiles.Excutable" name="init" time="10.640"/>
  <system-out/>
</testsuite> <!-- excutablefiles.Excutable -->
